{"message":"::1 - - [30/Dec/2020:05:05:06 +0000] \"GET /api-pilatsrl/crm/users HTTP/1.1\" 400 236 \"-\" \"PostmanRuntime/7.26.8\"\n","level":"info","service":"user-service"}
{"message":"::1 - - [30/Dec/2020:05:06:10 +0000] \"GET / HTTP/1.1\" 404 139 \"-\" \"Mozilla/5.0 (Macintosh; Intel Mac OS X 10_14_6) AppleWebKit/537.36 (KHTML, like Gecko) Chrome/87.0.4280.88 Safari/537.36\"\n","level":"info","service":"user-service"}
{"message":"::1 - - [30/Dec/2020:05:06:26 +0000] \"GET /api-pilatsrl/crm/users HTTP/1.1\" 400 236 \"-\" \"PostmanRuntime/7.26.8\"\n","level":"info","service":"user-service"}
{"message":"::1 - - [30/Dec/2020:05:07:51 +0000] \"GET / HTTP/1.1\" 404 139 \"-\" \"Mozilla/5.0 (Macintosh; Intel Mac OS X 10_14_6) AppleWebKit/537.36 (KHTML, like Gecko) Chrome/87.0.4280.88 Safari/537.36\"\n","level":"info","service":"user-service"}
{"message":"::1 - - [30/Dec/2020:05:08:09 +0000] \"GET /api-pilatsrl/crm/users HTTP/1.1\" 400 236 \"-\" \"PostmanRuntime/7.26.8\"\n","level":"info","service":"user-service"}
{"message":"::1 - - [30/Dec/2020:05:09:05 +0000] \"GET /api-pilatsrl/crm/users HTTP/1.1\" 400 236 \"-\" \"PostmanRuntime/7.26.8\"\n","level":"info","service":"user-service"}
{"message":"::1 - - [30/Dec/2020:05:11:21 +0000] \"GET /api-pilatsrl/crm/users HTTP/1.1\" 400 236 \"-\" \"PostmanRuntime/7.26.8\"\n","level":"info","service":"user-service"}
{"message":"::1 - - [30/Dec/2020:05:13:36 +0000] \"GET /api-pilatsrl/crm/users HTTP/1.1\" 400 236 \"-\" \"PostmanRuntime/7.26.8\"\n","level":"info","service":"user-service"}
{"message":"::1 - - [30/Dec/2020:05:16:03 +0000] \"GET /api-pilatsrl/crm/users HTTP/1.1\" 400 236 \"-\" \"PostmanRuntime/7.26.8\"\n","level":"info","service":"user-service"}
{"message":"::1 - - [30/Dec/2020:05:16:24 +0000] \"GET /api-pilatsrl/users HTTP/1.1\" 400 236 \"-\" \"PostmanRuntime/7.26.8\"\n","level":"info","service":"user-service"}
{"message":"::1 - - [30/Dec/2020:05:18:16 +0000] \"GET /api-pilatsrl/users HTTP/1.1\" 400 236 \"-\" \"PostmanRuntime/7.26.8\"\n","level":"info","service":"user-service"}
{"message":"::1 - - [30/Dec/2020:05:22:57 +0000] \"GET /api-pilatsrl/users HTTP/1.1\" 400 236 \"-\" \"PostmanRuntime/7.26.8\"\n","level":"info","service":"user-service"}
{"message":"::1 - - [30/Dec/2020:05:28:10 +0000] \"GET / HTTP/1.1\" 404 139 \"-\" \"Mozilla/5.0 (Macintosh; Intel Mac OS X 10_14_6) AppleWebKit/537.36 (KHTML, like Gecko) Chrome/87.0.4280.88 Safari/537.36\"\n","level":"info","service":"user-service"}
{"message":"::1 - - [30/Dec/2020:05:28:42 +0000] \"GET /api-pilatsrl/users HTTP/1.1\" 400 236 \"-\" \"Mozilla/5.0 (Macintosh; Intel Mac OS X 10_14_6) AppleWebKit/537.36 (KHTML, like Gecko) Chrome/87.0.4280.88 Safari/537.36\"\n","level":"info","service":"user-service"}
{"message":"::1 - - [30/Dec/2020:05:33:17 +0000] \"GET /api-pilatsrl/users HTTP/1.1\" 200 20831 \"-\" \"PostmanRuntime/7.26.8\"\n","level":"info","service":"user-service"}
{"message":"::1 - - [30/Dec/2020:05:43:55 +0000] \"GET /api-pilatsrl/users HTTP/1.1\" 200 20831 \"-\" \"PostmanRuntime/7.26.8\"\n","level":"info","service":"user-service"}
{"message":"::1 - - [30/Dec/2020:05:44:43 +0000] \"GET /api-pilatsrl/users HTTP/1.1\" 200 20831 \"-\" \"PostmanRuntime/7.26.8\"\n","level":"info","service":"user-service"}
{"message":"::1 - - [30/Dec/2020:05:46:24 +0000] \"GET /api-pilatsrl/users HTTP/1.1\" 200 20831 \"-\" \"PostmanRuntime/7.26.8\"\n","level":"info","service":"user-service"}
{"message":"::1 - - [30/Dec/2020:05:50:09 +0000] \"GET /api-pilatsrl/users HTTP/1.1\" 200 20831 \"-\" \"PostmanRuntime/7.26.8\"\n","level":"info","service":"user-service"}
{"message":"::1 - - [30/Dec/2020:05:51:05 +0000] \"GET /api-pilatsrl/users HTTP/1.1\" 200 20831 \"-\" \"PostmanRuntime/7.26.8\"\n","level":"info","service":"user-service"}
{"message":"::1 - - [30/Dec/2020:05:51:28 +0000] \"GET /api-pilatsrl/pilat-params?where={%22par_dictionary_id%22:%225fe93b0e3c3708f0b489dcbd%22}&order=[[%22par_order%22,%22asc%22]]& HTTP/1.1\" 200 2124 \"http://localhost/\" \"Mozilla/5.0 (Macintosh; Intel Mac OS X 10_14_6) AppleWebKit/537.36 (KHTML, like Gecko) Chrome/87.0.4280.88 Safari/537.36\"\n","level":"info","service":"user-service"}
{"message":"::1 - - [30/Dec/2020:05:51:28 +0000] \"GET /api-pilatsrl/leads?where={%22status%22:%22New%22}& HTTP/1.1\" 304 - \"http://localhost/\" \"Mozilla/5.0 (Macintosh; Intel Mac OS X 10_14_6) AppleWebKit/537.36 (KHTML, like Gecko) Chrome/87.0.4280.88 Safari/537.36\"\n","level":"info","service":"user-service"}
{"message":"::1 - - [30/Dec/2020:05:51:28 +0000] \"GET /api-pilatsrl/leads?where={%22status%22:%22Assigned%22}& HTTP/1.1\" 304 - \"http://localhost/\" \"Mozilla/5.0 (Macintosh; Intel Mac OS X 10_14_6) AppleWebKit/537.36 (KHTML, like Gecko) Chrome/87.0.4280.88 Safari/537.36\"\n","level":"info","service":"user-service"}
{"message":"::1 - - [30/Dec/2020:05:51:28 +0000] \"GET /api-pilatsrl/leads?where={%22status%22:%22In%20Process%22}& HTTP/1.1\" 304 - \"http://localhost/\" \"Mozilla/5.0 (Macintosh; Intel Mac OS X 10_14_6) AppleWebKit/537.36 (KHTML, like Gecko) Chrome/87.0.4280.88 Safari/537.36\"\n","level":"info","service":"user-service"}
{"message":"::1 - - [30/Dec/2020:05:51:28 +0000] \"GET /api-pilatsrl/leads?where={%22status%22:%22Converted%22}& HTTP/1.1\" 304 - \"http://localhost/\" \"Mozilla/5.0 (Macintosh; Intel Mac OS X 10_14_6) AppleWebKit/537.36 (KHTML, like Gecko) Chrome/87.0.4280.88 Safari/537.36\"\n","level":"info","service":"user-service"}
{"message":"::1 - - [30/Dec/2020:05:51:28 +0000] \"GET /api-pilatsrl/leads?where={%22status%22:%22Recycled%22}& HTTP/1.1\" 304 - \"http://localhost/\" \"Mozilla/5.0 (Macintosh; Intel Mac OS X 10_14_6) AppleWebKit/537.36 (KHTML, like Gecko) Chrome/87.0.4280.88 Safari/537.36\"\n","level":"info","service":"user-service"}
{"message":"::1 - - [30/Dec/2020:05:51:28 +0000] \"GET /api-pilatsrl/leads?where={%22status%22:%22Dead%22}& HTTP/1.1\" 304 - \"http://localhost/\" \"Mozilla/5.0 (Macintosh; Intel Mac OS X 10_14_6) AppleWebKit/537.36 (KHTML, like Gecko) Chrome/87.0.4280.88 Safari/537.36\"\n","level":"info","service":"user-service"}
{"message":"::1 - - [30/Dec/2020:05:51:35 +0000] \"GET /api-pilatsrl/pilat-dictionaries? HTTP/1.1\" 200 309 \"http://localhost/\" \"Mozilla/5.0 (Macintosh; Intel Mac OS X 10_14_6) AppleWebKit/537.36 (KHTML, like Gecko) Chrome/87.0.4280.88 Safari/537.36\"\n","level":"info","service":"user-service"}
{"message":"::1 - - [30/Dec/2020:05:51:35 +0000] \"GET /api-pilatsrl/pilat-params? HTTP/1.1\" 200 2124 \"http://localhost/\" \"Mozilla/5.0 (Macintosh; Intel Mac OS X 10_14_6) AppleWebKit/537.36 (KHTML, like Gecko) Chrome/87.0.4280.88 Safari/537.36\"\n","level":"info","service":"user-service"}
{"message":"::1 - - [30/Dec/2020:05:51:35 +0000] \"GET /api-pilatsrl/users? HTTP/1.1\" 200 20831 \"http://localhost/\" \"Mozilla/5.0 (Macintosh; Intel Mac OS X 10_14_6) AppleWebKit/537.36 (KHTML, like Gecko) Chrome/87.0.4280.88 Safari/537.36\"\n","level":"info","service":"user-service"}
{"message":"::1 - - [30/Dec/2020:05:55:49 +0000] \"GET /api-pilatsrl/pilat-dictionaries? HTTP/1.1\" 304 - \"http://localhost/\" \"Mozilla/5.0 (Macintosh; Intel Mac OS X 10_14_6) AppleWebKit/537.36 (KHTML, like Gecko) Chrome/87.0.4280.88 Safari/537.36\"\n","level":"info","service":"user-service"}
{"message":"::1 - - [30/Dec/2020:05:55:49 +0000] \"GET /api-pilatsrl/pilat-params? HTTP/1.1\" 304 - \"http://localhost/\" \"Mozilla/5.0 (Macintosh; Intel Mac OS X 10_14_6) AppleWebKit/537.36 (KHTML, like Gecko) Chrome/87.0.4280.88 Safari/537.36\"\n","level":"info","service":"user-service"}
{"message":"::1 - - [30/Dec/2020:05:55:49 +0000] \"GET /api-pilatsrl/users? HTTP/1.1\" 304 - \"http://localhost/\" \"Mozilla/5.0 (Macintosh; Intel Mac OS X 10_14_6) AppleWebKit/537.36 (KHTML, like Gecko) Chrome/87.0.4280.88 Safari/537.36\"\n","level":"info","service":"user-service"}
{"message":"::1 - - [30/Dec/2020:05:55:52 +0000] \"GET /api-pilatsrl/pilat-params?where={%22par_dictionary_id%22:%225fe93b0e3c3708f0b489dcbd%22}&order=[[%22par_order%22,%22asc%22]]& HTTP/1.1\" 304 - \"http://localhost/\" \"Mozilla/5.0 (Macintosh; Intel Mac OS X 10_14_6) AppleWebKit/537.36 (KHTML, like Gecko) Chrome/87.0.4280.88 Safari/537.36\"\n","level":"info","service":"user-service"}
{"message":"::1 - - [30/Dec/2020:05:55:52 +0000] \"GET /api-pilatsrl/leads?where={%22status%22:%22New%22}& HTTP/1.1\" 304 - \"http://localhost/\" \"Mozilla/5.0 (Macintosh; Intel Mac OS X 10_14_6) AppleWebKit/537.36 (KHTML, like Gecko) Chrome/87.0.4280.88 Safari/537.36\"\n","level":"info","service":"user-service"}
{"message":"::1 - - [30/Dec/2020:05:55:52 +0000] \"GET /api-pilatsrl/leads?where={%22status%22:%22Assigned%22}& HTTP/1.1\" 304 - \"http://localhost/\" \"Mozilla/5.0 (Macintosh; Intel Mac OS X 10_14_6) AppleWebKit/537.36 (KHTML, like Gecko) Chrome/87.0.4280.88 Safari/537.36\"\n","level":"info","service":"user-service"}
{"message":"::1 - - [30/Dec/2020:05:55:52 +0000] \"GET /api-pilatsrl/leads?where={%22status%22:%22In%20Process%22}& HTTP/1.1\" 304 - \"http://localhost/\" \"Mozilla/5.0 (Macintosh; Intel Mac OS X 10_14_6) AppleWebKit/537.36 (KHTML, like Gecko) Chrome/87.0.4280.88 Safari/537.36\"\n","level":"info","service":"user-service"}
{"message":"::1 - - [30/Dec/2020:05:55:52 +0000] \"GET /api-pilatsrl/leads?where={%22status%22:%22Converted%22}& HTTP/1.1\" 304 - \"http://localhost/\" \"Mozilla/5.0 (Macintosh; Intel Mac OS X 10_14_6) AppleWebKit/537.36 (KHTML, like Gecko) Chrome/87.0.4280.88 Safari/537.36\"\n","level":"info","service":"user-service"}
{"message":"::1 - - [30/Dec/2020:05:55:52 +0000] \"GET /api-pilatsrl/leads?where={%22status%22:%22Recycled%22}& HTTP/1.1\" 304 - \"http://localhost/\" \"Mozilla/5.0 (Macintosh; Intel Mac OS X 10_14_6) AppleWebKit/537.36 (KHTML, like Gecko) Chrome/87.0.4280.88 Safari/537.36\"\n","level":"info","service":"user-service"}
{"message":"::1 - - [30/Dec/2020:05:55:52 +0000] \"GET /api-pilatsrl/leads?where={%22status%22:%22Dead%22}& HTTP/1.1\" 304 - \"http://localhost/\" \"Mozilla/5.0 (Macintosh; Intel Mac OS X 10_14_6) AppleWebKit/537.36 (KHTML, like Gecko) Chrome/87.0.4280.88 Safari/537.36\"\n","level":"info","service":"user-service"}
