{"message":"::1 - - [28/Dec/2020:01:02:03 +0000] \"GET /api-pilatsrl/pilat-dictionaries/? HTTP/1.1\" 304 - \"http://localhost:4200/\" \"Mozilla/5.0 (Macintosh; Intel Mac OS X 10_14_6) AppleWebKit/537.36 (KHTML, like Gecko) Chrome/87.0.4280.88 Safari/537.36\"\n","level":"info","service":"user-service"}
{"message":"::1 - - [28/Dec/2020:01:02:14 +0000] \"GET /api-pilatsrl/pilat-dictionaries/? HTTP/1.1\" 304 - \"http://localhost:4200/\" \"Mozilla/5.0 (Macintosh; Intel Mac OS X 10_14_6) AppleWebKit/537.36 (KHTML, like Gecko) Chrome/87.0.4280.88 Safari/537.36\"\n","level":"info","service":"user-service"}
{"message":"::1 - - [28/Dec/2020:01:03:49 +0000] \"GET /api-pilatsrl/pilat-dictionaries/? HTTP/1.1\" 304 - \"http://localhost:4200/\" \"Mozilla/5.0 (Macintosh; Intel Mac OS X 10_14_6) AppleWebKit/537.36 (KHTML, like Gecko) Chrome/87.0.4280.88 Safari/537.36\"\n","level":"info","service":"user-service"}
{"message":"::1 - - [28/Dec/2020:01:03:58 +0000] \"GET /api-pilatsrl/pilat-dictionaries/? HTTP/1.1\" 304 - \"http://localhost:4200/\" \"Mozilla/5.0 (Macintosh; Intel Mac OS X 10_14_6) AppleWebKit/537.36 (KHTML, like Gecko) Chrome/87.0.4280.88 Safari/537.36\"\n","level":"info","service":"user-service"}
{"message":"::1 - - [28/Dec/2020:01:06:31 +0000] \"GET /api-pilatsrl/pilat-dictionaries/? HTTP/1.1\" 304 - \"http://localhost:4200/\" \"Mozilla/5.0 (Macintosh; Intel Mac OS X 10_14_6) AppleWebKit/537.36 (KHTML, like Gecko) Chrome/87.0.4280.88 Safari/537.36\"\n","level":"info","service":"user-service"}
{"message":"::1 - - [28/Dec/2020:01:10:11 +0000] \"GET /api-pilatsrl/pilat-dictionaries/? HTTP/1.1\" 304 - \"http://localhost:4200/\" \"Mozilla/5.0 (Macintosh; Intel Mac OS X 10_14_6) AppleWebKit/537.36 (KHTML, like Gecko) Chrome/87.0.4280.88 Safari/537.36\"\n","level":"info","service":"user-service"}
{"message":"::1 - - [28/Dec/2020:01:26:02 +0000] \"POST /api-pilatsrl/pilat-dictionaries/5d6ede6a0ba62570afcedd3a?= HTTP/1.1\" 404 196 \"-\" \"PostmanRuntime/7.26.8\"\n","level":"info","service":"user-service"}
{"message":"::1 - - [28/Dec/2020:01:26:10 +0000] \"POST /api-pilatsrl/pilat-dictionaries/5d6ede6a0ba62570afcedd3a HTTP/1.1\" 404 196 \"-\" \"PostmanRuntime/7.26.8\"\n","level":"info","service":"user-service"}
{"message":"::1 - - [28/Dec/2020:01:26:25 +0000] \"GET /api-pilatsrl/pilat-dictionaries/5d6ede6a0ba62570afcedd3a HTTP/1.1\" 200 265 \"-\" \"PostmanRuntime/7.26.8\"\n","level":"info","service":"user-service"}
{"message":"::1 - - [28/Dec/2020:01:27:08 +0000] \"PUT /api-pilatsrl/pilat-dictionaries/5d6ede6a0ba62570afcedd3a HTTP/1.1\" 400 31 \"-\" \"PostmanRuntime/7.26.8\"\n","level":"info","service":"user-service"}
{"message":"::1 - - [28/Dec/2020:01:32:40 +0000] \"PUT /api-pilatsrl/pilat-dictionaries/5d6ede6a0ba62570afcedd3a HTTP/1.1\" 200 67 \"-\" \"PostmanRuntime/7.26.8\"\n","level":"info","service":"user-service"}
{"message":"::1 - - [28/Dec/2020:01:33:03 +0000] \"GET /api-pilatsrl/pilat-dictionaries/5d6ede6a0ba62570afcedd3a HTTP/1.1\" 200 278 \"-\" \"PostmanRuntime/7.26.8\"\n","level":"info","service":"user-service"}
{"message":"::1 - - [28/Dec/2020:01:37:56 +0000] \"PUT /api-pilatsrl/pilat-dictionaries/5d6ede6a0ba62570afcedd3a HTTP/1.1\" 200 272 \"-\" \"PostmanRuntime/7.26.8\"\n","level":"info","service":"user-service"}
{"message":"::1 - - [28/Dec/2020:01:38:15 +0000] \"PUT /api-pilatsrl/pilat-dictionaries/5d6ede6a0ba62570afcedd3a HTTP/1.1\" 200 280 \"-\" \"PostmanRuntime/7.26.8\"\n","level":"info","service":"user-service"}
{"message":"::1 - - [28/Dec/2020:01:48:13 +0000] \"DELETE /api-pilatsrl/pilat-dictionaries/5d6ede6a0ba62570afcedd3a HTTP/1.1\" 200 56 \"-\" \"PostmanRuntime/7.26.8\"\n","level":"info","service":"user-service"}
{"message":"::1 - - [28/Dec/2020:01:53:27 +0000] \"POST /api-pilatsrl/pilat-dictionaries HTTP/1.1\" 201 106 \"-\" \"PostmanRuntime/7.26.8\"\n","level":"info","service":"user-service"}
{"message":"::1 - - [28/Dec/2020:01:53:55 +0000] \"GET /api-pilatsrl/pilat-dictionaries HTTP/1.1\" 200 273 \"-\" \"PostmanRuntime/7.26.8\"\n","level":"info","service":"user-service"}
{"message":"::1 - - [28/Dec/2020:01:54:29 +0000] \"PUT /api-pilatsrl/pilat-dictionaries/5fe93a973c3708f0b489dcbc HTTP/1.1\" 200 280 \"-\" \"PostmanRuntime/7.26.8\"\n","level":"info","service":"user-service"}
{"message":"::1 - - [28/Dec/2020:01:54:38 +0000] \"DELETE /api-pilatsrl/pilat-dictionaries/5fe93a973c3708f0b489dcbc HTTP/1.1\" 200 280 \"-\" \"PostmanRuntime/7.26.8\"\n","level":"info","service":"user-service"}
{"message":"::1 - - [28/Dec/2020:01:54:45 +0000] \"DELETE /api-pilatsrl/pilat-dictionaries HTTP/1.1\" 404 173 \"-\" \"PostmanRuntime/7.26.8\"\n","level":"info","service":"user-service"}
{"message":"::1 - - [28/Dec/2020:01:54:54 +0000] \"GET /api-pilatsrl/pilat-dictionaries HTTP/1.1\" 200 57 \"-\" \"PostmanRuntime/7.26.8\"\n","level":"info","service":"user-service"}
{"message":"::1 - - [28/Dec/2020:01:55:26 +0000] \"POST /api-pilatsrl/pilat-dictionaries HTTP/1.1\" 201 133 \"-\" \"PostmanRuntime/7.26.8\"\n","level":"info","service":"user-service"}
{"message":"::1 - - [28/Dec/2020:01:55:42 +0000] \"POST /api-pilatsrl/pilat-dictionaries/5fe93b0e3c3708f0b489dcbd HTTP/1.1\" 404 196 \"-\" \"PostmanRuntime/7.26.8\"\n","level":"info","service":"user-service"}
{"message":"::1 - - [28/Dec/2020:01:55:51 +0000] \"GET /api-pilatsrl/pilat-dictionaries/5fe93b0e3c3708f0b489dcbd HTTP/1.1\" 200 278 \"-\" \"PostmanRuntime/7.26.8\"\n","level":"info","service":"user-service"}
